TN:
SF:C:\Users\gerax.sotelo\Documents\Pluralsight\Cypress - End-to-end JavaScript Testing\Conduit-Cypress\client\src\agent.js
FN:9,(anonymous_0)
FN:12,(anonymous_1)
FN:19,(anonymous_2)
FN:21,(anonymous_3)
FN:23,(anonymous_4)
FN:25,(anonymous_5)
FN:30,(anonymous_6)
FN:32,(anonymous_7)
FN:34,(anonymous_8)
FN:36,(anonymous_9)
FN:41,(anonymous_10)
FN:44,(anonymous_11)
FN:45,(anonymous_12)
FN:47,(anonymous_13)
FN:49,(anonymous_14)
FN:51,(anonymous_15)
FN:53,(anonymous_16)
FN:55,(anonymous_17)
FN:57,(anonymous_18)
FN:59,(anonymous_19)
FN:61,(anonymous_20)
FN:63,(anonymous_21)
FN:65,(anonymous_22)
FN:67,(anonymous_23)
FN:72,(anonymous_24)
FN:74,(anonymous_25)
FN:76,(anonymous_26)
FN:81,(anonymous_27)
FN:83,(anonymous_28)
FN:85,(anonymous_29)
FN:95,(anonymous_30)
FNF:31
FNH:10
FNDA:6,(anonymous_0)
FNDA:6,(anonymous_1)
FNDA:0,(anonymous_2)
FNDA:5,(anonymous_3)
FNDA:0,(anonymous_4)
FNDA:1,(anonymous_5)
FNDA:0,(anonymous_6)
FNDA:0,(anonymous_7)
FNDA:1,(anonymous_8)
FNDA:0,(anonymous_9)
FNDA:2,(anonymous_10)
FNDA:2,(anonymous_11)
FNDA:0,(anonymous_12)
FNDA:2,(anonymous_13)
FNDA:0,(anonymous_14)
FNDA:0,(anonymous_15)
FNDA:0,(anonymous_16)
FNDA:0,(anonymous_17)
FNDA:0,(anonymous_18)
FNDA:1,(anonymous_19)
FNDA:0,(anonymous_20)
FNDA:0,(anonymous_21)
FNDA:0,(anonymous_22)
FNDA:0,(anonymous_23)
FNDA:0,(anonymous_24)
FNDA:0,(anonymous_25)
FNDA:0,(anonymous_26)
FNDA:0,(anonymous_27)
FNDA:0,(anonymous_28)
FNDA:0,(anonymous_29)
FNDA:1,(anonymous_30)
DA:4,1
DA:6,1
DA:8,1
DA:9,6
DA:11,1
DA:12,1
DA:13,6
DA:14,3
DA:18,1
DA:20,0
DA:22,5
DA:24,0
DA:26,1
DA:29,1
DA:31,0
DA:33,0
DA:35,1
DA:37,0
DA:40,1
DA:41,2
DA:44,2
DA:45,1
DA:46,1
DA:48,2
DA:50,0
DA:52,0
DA:54,0
DA:56,0
DA:58,0
DA:60,1
DA:62,0
DA:64,0
DA:66,0
DA:68,0
DA:71,1
DA:73,0
DA:75,0
DA:77,0
DA:80,1
DA:82,0
DA:84,0
DA:86,0
DA:95,1
LF:43
LH:23
BRDA:13,0,0,3
BRDA:13,0,1,3
BRDA:44,1,0,0
BRDA:44,1,1,2
BRF:4
BRH:3
end_of_record
TN:
SF:C:\Users\gerax.sotelo\Documents\Pluralsight\Cypress - End-to-end JavaScript Testing\Conduit-Cypress\client\src\index.js
FNF:0
FNH:0
DA:16,1
DA:17,1
DA:18,1
DA:21,1
LF:4
LH:4
BRDA:16,0,0,1
BRF:1
BRH:1
end_of_record
TN:
SF:C:\Users\gerax.sotelo\Documents\Pluralsight\Cypress - End-to-end JavaScript Testing\Conduit-Cypress\client\src\middleware.js
FN:11,(anonymous_0)
FN:11,(anonymous_1)
FN:11,(anonymous_2)
FN:19,(anonymous_3)
FN:29,(anonymous_4)
FN:54,(anonymous_5)
FN:54,(anonymous_6)
FN:54,(anonymous_7)
FN:68,isPromise
FNF:9
FNH:8
FNDA:1,(anonymous_0)
FNDA:1,(anonymous_1)
FNDA:58,(anonymous_2)
FNDA:4,(anonymous_3)
FNDA:0,(anonymous_4)
FNDA:1,(anonymous_5)
FNDA:1,(anonymous_6)
FNDA:54,(anonymous_7)
FNDA:58,isPromise
DA:11,1
DA:12,58
DA:13,4
DA:15,4
DA:16,4
DA:18,4
DA:20,4
DA:21,4
DA:22,0
DA:24,4
DA:25,4
DA:26,4
DA:27,4
DA:30,0
DA:31,0
DA:32,0
DA:34,0
DA:35,0
DA:36,0
DA:37,0
DA:38,0
DA:39,0
DA:40,0
DA:41,0
DA:42,0
DA:44,0
DA:48,4
DA:51,54
DA:54,1
DA:55,54
DA:56,1
DA:57,1
DA:58,1
DA:60,53
DA:61,0
DA:62,0
DA:65,54
DA:69,58
LF:38
LH:22
BRDA:12,0,0,4
BRDA:12,0,1,54
BRDA:21,1,0,0
BRDA:21,1,1,4
BRDA:21,2,0,4
BRDA:21,2,1,4
BRDA:31,3,0,0
BRDA:31,3,1,0
BRDA:31,4,0,0
BRDA:31,4,1,0
BRDA:37,5,0,0
BRDA:37,5,1,0
BRDA:41,6,0,0
BRDA:41,6,1,0
BRDA:55,7,0,1
BRDA:55,7,1,53
BRDA:55,8,0,54
BRDA:55,8,1,53
BRDA:56,9,0,1
BRDA:56,9,1,0
BRDA:60,10,0,0
BRDA:60,10,1,53
BRDA:69,11,0,58
BRDA:69,11,1,11
BRF:24
BRH:13
end_of_record
TN:
SF:C:\Users\gerax.sotelo\Documents\Pluralsight\Cypress - End-to-end JavaScript Testing\Conduit-Cypress\client\src\reducer.js
FNF:0
FNH:0
LF:0
LH:0
BRF:0
BRH:0
end_of_record
TN:
SF:C:\Users\gerax.sotelo\Documents\Pluralsight\Cypress - End-to-end JavaScript Testing\Conduit-Cypress\client\src\store.js
FN:15,(anonymous_0)
FNF:1
FNH:1
FNDA:1,(anonymous_0)
DA:10,1
DA:13,1
DA:15,1
DA:19,1
DA:27,1
DA:36,1
LF:6
LH:6
BRDA:19,0,0,1
BRF:1
BRH:1
end_of_record
TN:
SF:C:\Users\gerax.sotelo\Documents\Pluralsight\Cypress - End-to-end JavaScript Testing\Conduit-Cypress\client\src\components\App.js
FN:18,(anonymous_0)
FN:26,(anonymous_1)
FN:27,(anonymous_2)
FN:29,(anonymous_3)
FN:34,(anonymous_4)
FN:42,(anonymous_5)
FN:51,(anonymous_6)
FNF:7
FNH:7
FNDA:50,(anonymous_0)
FNDA:1,(anonymous_1)
FNDA:1,(anonymous_2)
FNDA:1,(anonymous_3)
FNDA:4,(anonymous_4)
FNDA:1,(anonymous_5)
FNDA:5,(anonymous_6)
DA:18,1
DA:19,50
DA:26,1
DA:28,1
DA:30,1
DA:35,4
DA:37,1
DA:38,1
DA:43,1
DA:44,1
DA:45,0
DA:48,1
DA:52,5
DA:53,4
DA:72,1
LF:15
LH:14
BRDA:35,0,0,1
BRDA:35,0,1,3
BRDA:44,1,0,0
BRDA:44,1,1,1
BRDA:48,2,0,0
BRDA:48,2,1,1
BRDA:52,3,0,4
BRDA:52,3,1,1
BRF:8
BRH:6
end_of_record
TN:
SF:C:\Users\gerax.sotelo\Documents\Pluralsight\Cypress - End-to-end JavaScript Testing\Conduit-Cypress\client\src\components\ArticleList.js
FN:5,(anonymous_0)
FN:23,(anonymous_1)
FNF:2
FNH:1
FNDA:4,(anonymous_0)
FNDA:0,(anonymous_1)
DA:5,1
DA:6,4
DA:7,1
DA:12,3
DA:13,3
DA:20,0
DA:24,0
LF:7
LH:5
BRDA:6,0,0,1
BRDA:6,0,1,3
BRDA:12,1,0,3
BRDA:12,1,1,0
BRF:4
BRH:3
end_of_record
TN:
SF:C:\Users\gerax.sotelo\Documents\Pluralsight\Cypress - End-to-end JavaScript Testing\Conduit-Cypress\client\src\components\ArticlePreview.js
FN:13,(anonymous_0)
FN:14,(anonymous_1)
FN:19,(anonymous_2)
FN:26,(anonymous_3)
FN:32,(anonymous_4)
FN:73,(anonymous_5)
FN:87,(anonymous_6)
FNF:7
FNH:0
FNDA:0,(anonymous_0)
FNDA:0,(anonymous_1)
FNDA:0,(anonymous_2)
FNDA:0,(anonymous_3)
FNDA:0,(anonymous_4)
FNDA:0,(anonymous_5)
FNDA:0,(anonymous_6)
DA:10,1
DA:11,1
DA:13,1
DA:15,0
DA:20,0
DA:26,1
DA:27,0
DA:28,0
DA:32,0
DA:33,0
DA:34,0
DA:35,0
DA:37,0
DA:41,0
DA:74,0
DA:87,0
LF:16
LH:4
BRDA:28,0,0,0
BRDA:28,0,1,0
BRDA:34,1,0,0
BRDA:34,1,1,0
BRF:4
BRH:0
end_of_record
TN:
SF:C:\Users\gerax.sotelo\Documents\Pluralsight\Cypress - End-to-end JavaScript Testing\Conduit-Cypress\client\src\components\Editor.js
FN:14,(anonymous_0)
FN:18,(anonymous_1)
FN:19,(anonymous_2)
FN:20,(anonymous_3)
FN:21,(anonymous_4)
FN:22,(anonymous_5)
FN:23,(anonymous_6)
FN:24,(anonymous_7)
FN:29,(anonymous_8)
FN:32,(anonymous_9)
FN:32,(anonymous_10)
FN:39,(anonymous_11)
FN:46,(anonymous_12)
FN:46,(anonymous_13)
FN:50,(anonymous_14)
FN:68,(anonymous_15)
FN:80,(anonymous_16)
FN:87,(anonymous_17)
FN:91,(anonymous_18)
FN:146,(anonymous_19)
FNF:20
FNH:0
FNDA:0,(anonymous_0)
FNDA:0,(anonymous_1)
FNDA:0,(anonymous_2)
FNDA:0,(anonymous_3)
FNDA:0,(anonymous_4)
FNDA:0,(anonymous_5)
FNDA:0,(anonymous_6)
FNDA:0,(anonymous_7)
FNDA:0,(anonymous_8)
FNDA:0,(anonymous_9)
FNDA:0,(anonymous_10)
FNDA:0,(anonymous_11)
FNDA:0,(anonymous_12)
FNDA:0,(anonymous_13)
FNDA:0,(anonymous_14)
FNDA:0,(anonymous_15)
FNDA:0,(anonymous_16)
FNDA:0,(anonymous_17)
FNDA:0,(anonymous_18)
FNDA:0,(anonymous_19)
DA:14,1
DA:18,1
DA:19,0
DA:20,0
DA:21,0
DA:22,0
DA:23,0
DA:25,0
DA:30,0
DA:32,0
DA:33,0
DA:34,0
DA:35,0
DA:36,0
DA:37,0
DA:39,0
DA:40,0
DA:41,0
DA:42,0
DA:46,0
DA:47,0
DA:50,0
DA:51,0
DA:52,0
DA:59,0
DA:60,0
DA:64,0
DA:69,0
DA:70,0
DA:71,0
DA:72,0
DA:76,0
DA:81,0
DA:82,0
DA:84,0
DA:88,0
DA:92,0
DA:147,0
LF:38
LH:2
BRDA:40,0,0,0
BRDA:40,0,1,0
BRDA:60,1,0,0
BRDA:60,1,1,0
BRDA:69,2,0,0
BRDA:69,2,1,0
BRDA:70,3,0,0
BRDA:70,3,1,0
BRDA:81,4,0,0
BRDA:81,4,1,0
BRDA:146,5,0,0
BRDA:146,5,1,0
BRF:12
BRH:0
end_of_record
TN:
SF:C:\Users\gerax.sotelo\Documents\Pluralsight\Cypress - End-to-end JavaScript Testing\Conduit-Cypress\client\src\components\Header.js
FN:4,(anonymous_0)
FN:31,(anonymous_1)
FN:73,(anonymous_2)
FNF:3
FNH:3
FNDA:5,(anonymous_0)
FNDA:5,(anonymous_1)
FNDA:5,(anonymous_2)
DA:4,1
DA:5,5
DA:6,3
DA:28,2
DA:31,1
DA:32,5
DA:33,2
DA:69,3
DA:74,5
LF:9
LH:9
BRDA:5,0,0,3
BRDA:5,0,1,2
BRDA:32,1,0,2
BRDA:32,1,1,3
BRF:4
BRH:4
end_of_record
TN:
SF:C:\Users\gerax.sotelo\Documents\Pluralsight\Cypress - End-to-end JavaScript Testing\Conduit-Cypress\client\src\components\ListErrors.js
FN:4,(anonymous_0)
FN:10,(anonymous_1)
FNF:2
FNH:1
FNDA:38,(anonymous_0)
FNDA:0,(anonymous_1)
DA:5,38
DA:6,38
DA:7,0
DA:11,0
DA:21,38
LF:5
LH:3
BRDA:6,0,0,0
BRDA:6,0,1,38
BRF:2
BRH:1
end_of_record
TN:
SF:C:\Users\gerax.sotelo\Documents\Pluralsight\Cypress - End-to-end JavaScript Testing\Conduit-Cypress\client\src\components\ListPagination.js
FN:6,(anonymous_0)
FN:7,(anonymous_1)
FN:10,(anonymous_2)
FN:20,(anonymous_3)
FN:31,(anonymous_4)
FN:33,(anonymous_5)
FN:55,(anonymous_6)
FNF:7
FNH:0
FNDA:0,(anonymous_0)
FNDA:0,(anonymous_1)
FNDA:0,(anonymous_2)
FNDA:0,(anonymous_3)
FNDA:0,(anonymous_4)
FNDA:0,(anonymous_5)
FNDA:0,(anonymous_6)
DA:6,1
DA:7,0
DA:10,1
DA:11,0
DA:12,0
DA:15,0
DA:16,0
DA:17,0
DA:20,0
DA:21,0
DA:22,0
DA:24,0
DA:28,0
DA:32,0
DA:33,0
DA:34,0
DA:35,0
DA:37,0
DA:55,0
LF:19
LH:2
BRDA:11,0,0,0
BRDA:11,0,1,0
BRDA:21,1,0,0
BRDA:21,1,1,0
BRDA:39,2,0,0
BRDA:39,2,1,0
BRF:6
BRH:0
end_of_record
TN:
SF:C:\Users\gerax.sotelo\Documents\Pluralsight\Cypress - End-to-end JavaScript Testing\Conduit-Cypress\client\src\components\Login.js
FN:12,(anonymous_0)
FN:14,(anonymous_1)
FN:15,(anonymous_2)
FN:17,(anonymous_3)
FN:19,(anonymous_4)
FN:21,(anonymous_5)
FN:26,(anonymous_6)
FN:28,(anonymous_7)
FN:29,(anonymous_8)
FN:30,(anonymous_9)
FN:30,(anonymous_10)
FN:36,(anonymous_11)
FN:40,(anonymous_12)
FNF:13
FNH:0
FNDA:0,(anonymous_0)
FNDA:0,(anonymous_1)
FNDA:0,(anonymous_2)
FNDA:0,(anonymous_3)
FNDA:0,(anonymous_4)
FNDA:0,(anonymous_5)
FNDA:0,(anonymous_6)
FNDA:0,(anonymous_7)
FNDA:0,(anonymous_8)
FNDA:0,(anonymous_9)
FNDA:0,(anonymous_10)
FNDA:0,(anonymous_11)
FNDA:0,(anonymous_12)
DA:12,1
DA:14,1
DA:16,0
DA:18,0
DA:20,0
DA:22,0
DA:27,0
DA:28,0
DA:29,0
DA:30,0
DA:31,0
DA:32,0
DA:37,0
DA:41,0
DA:42,0
DA:43,0
LF:16
LH:2
BRF:0
BRH:0
end_of_record
TN:
SF:C:\Users\gerax.sotelo\Documents\Pluralsight\Cypress - End-to-end JavaScript Testing\Conduit-Cypress\client\src\components\Profile.js
FN:13,(anonymous_0)
FN:28,(anonymous_1)
FN:40,(anonymous_2)
FN:62,(anonymous_3)
FN:68,(anonymous_4)
FN:69,(anonymous_5)
FN:74,(anonymous_6)
FN:75,(anonymous_7)
FN:80,(anonymous_8)
FN:84,(anonymous_9)
FN:93,(anonymous_10)
FN:97,(anonymous_11)
FN:121,(anonymous_12)
FNF:13
FNH:0
FNDA:0,(anonymous_0)
FNDA:0,(anonymous_1)
FNDA:0,(anonymous_2)
FNDA:0,(anonymous_3)
FNDA:0,(anonymous_4)
FNDA:0,(anonymous_5)
FNDA:0,(anonymous_6)
FNDA:0,(anonymous_7)
FNDA:0,(anonymous_8)
FNDA:0,(anonymous_9)
FNDA:0,(anonymous_10)
FNDA:0,(anonymous_11)
FNDA:0,(anonymous_12)
DA:13,1
DA:14,0
DA:15,0
DA:25,0
DA:28,1
DA:29,0
DA:30,0
DA:33,0
DA:34,0
DA:35,0
DA:37,0
DA:40,0
DA:41,0
DA:42,0
DA:43,0
DA:45,0
DA:49,0
DA:62,1
DA:68,1
DA:70,0
DA:74,0
DA:76,0
DA:80,0
DA:85,0
DA:94,0
DA:98,0
DA:122,0
DA:123,0
DA:124,0
DA:128,0
DA:131,0
LF:31
LH:4
BRDA:14,0,0,0
BRDA:14,0,1,0
BRDA:29,1,0,0
BRDA:29,1,1,0
BRDA:34,2,0,0
BRDA:34,2,1,0
BRDA:42,3,0,0
BRDA:42,3,1,0
BRDA:57,4,0,0
BRDA:57,4,1,0
BRDA:123,5,0,0
BRDA:123,5,1,0
BRDA:128,6,0,0
BRDA:128,6,1,0
BRF:14
BRH:0
end_of_record
TN:
SF:C:\Users\gerax.sotelo\Documents\Pluralsight\Cypress - End-to-end JavaScript Testing\Conduit-Cypress\client\src\components\ProfileFavorites.js
FN:11,(anonymous_0)
FN:12,(anonymous_1)
FN:14,(anonymous_2)
FN:19,(anonymous_3)
FN:20,(anonymous_4)
FN:26,(anonymous_5)
FN:30,(anonymous_6)
FNF:7
FNH:0
FNDA:0,(anonymous_0)
FNDA:0,(anonymous_1)
FNDA:0,(anonymous_2)
FNDA:0,(anonymous_3)
FNDA:0,(anonymous_4)
FNDA:0,(anonymous_5)
FNDA:0,(anonymous_6)
DA:11,1
DA:13,0
DA:15,0
DA:20,0
DA:27,0
DA:31,0
LF:6
LH:1
BRF:0
BRH:0
end_of_record
TN:
SF:C:\Users\gerax.sotelo\Documents\Pluralsight\Cypress - End-to-end JavaScript Testing\Conduit-Cypress\client\src\components\Register.js
FN:12,(anonymous_0)
FN:14,(anonymous_1)
FN:15,(anonymous_2)
FN:17,(anonymous_3)
FN:19,(anonymous_4)
FN:21,(anonymous_5)
FN:25,(anonymous_6)
FN:29,(anonymous_7)
FN:31,(anonymous_8)
FN:32,(anonymous_9)
FN:33,(anonymous_10)
FN:34,(anonymous_11)
FN:34,(anonymous_12)
FN:40,(anonymous_13)
FN:44,(anonymous_14)
FNF:15
FNH:15
FNDA:42,(anonymous_0)
FNDA:1,(anonymous_1)
FNDA:17,(anonymous_2)
FNDA:8,(anonymous_3)
FNDA:10,(anonymous_4)
FNDA:1,(anonymous_5)
FNDA:1,(anonymous_6)
FNDA:1,(anonymous_7)
FNDA:17,(anonymous_8)
FNDA:8,(anonymous_9)
FNDA:10,(anonymous_10)
FNDA:38,(anonymous_11)
FNDA:1,(anonymous_12)
FNDA:1,(anonymous_13)
FNDA:38,(anonymous_14)
DA:12,42
DA:14,1
DA:16,17
DA:18,8
DA:20,10
DA:22,1
DA:23,1
DA:25,1
DA:30,1
DA:31,17
DA:32,8
DA:33,10
DA:34,38
DA:35,1
DA:36,1
DA:41,1
DA:45,38
DA:46,38
DA:47,38
DA:49,38
LF:20
LH:20
BRF:0
BRH:0
end_of_record
TN:
SF:C:\Users\gerax.sotelo\Documents\Pluralsight\Cypress - End-to-end JavaScript Testing\Conduit-Cypress\client\src\components\Settings.js
FN:12,(anonymous_0)
FN:23,(anonymous_1)
FN:23,(anonymous_2)
FN:29,(anonymous_3)
FN:41,(anonymous_4)
FN:52,(anonymous_5)
FN:65,(anonymous_6)
FN:137,(anonymous_7)
FN:142,(anonymous_8)
FN:143,(anonymous_9)
FN:144,(anonymous_10)
FN:146,(anonymous_11)
FN:150,(anonymous_12)
FNF:13
FNH:0
FNDA:0,(anonymous_0)
FNDA:0,(anonymous_1)
FNDA:0,(anonymous_2)
FNDA:0,(anonymous_3)
FNDA:0,(anonymous_4)
FNDA:0,(anonymous_5)
FNDA:0,(anonymous_6)
FNDA:0,(anonymous_7)
FNDA:0,(anonymous_8)
FNDA:0,(anonymous_9)
FNDA:0,(anonymous_10)
FNDA:0,(anonymous_11)
FNDA:0,(anonymous_12)
DA:13,0
DA:15,0
DA:23,0
DA:24,0
DA:25,0
DA:26,0
DA:29,0
DA:30,0
DA:32,0
DA:33,0
DA:34,0
DA:37,0
DA:42,0
DA:43,0
DA:53,0
DA:54,0
DA:66,0
DA:137,1
DA:142,1
DA:143,0
DA:145,0
DA:146,0
DA:151,0
LF:23
LH:2
BRDA:33,0,0,0
BRDA:33,0,1,0
BRDA:42,1,0,0
BRDA:42,1,1,0
BRDA:44,2,0,0
BRDA:44,2,1,0
BRDA:53,3,0,0
BRDA:53,3,1,0
BRDA:56,4,0,0
BRDA:56,4,1,0
BRDA:97,5,0,0
BRDA:97,5,1,0
BRF:12
BRH:0
end_of_record
TN:
SF:C:\Users\gerax.sotelo\Documents\Pluralsight\Cypress - End-to-end JavaScript Testing\Conduit-Cypress\client\src\components\Article\ArticleActions.js
FN:7,(anonymous_0)
FN:8,(anonymous_1)
FN:11,(anonymous_2)
FN:13,(anonymous_3)
FN:42,(anonymous_4)
FNF:5
FNH:0
FNDA:0,(anonymous_0)
FNDA:0,(anonymous_1)
FNDA:0,(anonymous_2)
FNDA:0,(anonymous_3)
FNDA:0,(anonymous_4)
DA:7,1
DA:8,0
DA:11,1
DA:12,0
DA:13,0
DA:14,0
DA:16,0
DA:17,0
DA:38,0
DA:42,0
LF:10
LH:2
BRDA:16,0,0,0
BRDA:16,0,1,0
BRF:2
BRH:0
end_of_record
TN:
SF:C:\Users\gerax.sotelo\Documents\Pluralsight\Cypress - End-to-end JavaScript Testing\Conduit-Cypress\client\src\components\Article\ArticleMeta.js
FN:5,(anonymous_0)
FNF:1
FNH:0
FNDA:0,(anonymous_0)
DA:5,1
DA:6,0
DA:7,0
LF:3
LH:1
BRF:0
BRH:0
end_of_record
TN:
SF:C:\Users\gerax.sotelo\Documents\Pluralsight\Cypress - End-to-end JavaScript Testing\Conduit-Cypress\client\src\components\Article\Comment.js
FN:5,(anonymous_0)
FNF:1
FNH:0
FNDA:0,(anonymous_0)
DA:5,1
DA:6,0
DA:8,0
DA:9,0
LF:4
LH:1
BRDA:8,0,0,0
BRDA:8,0,1,0
BRF:2
BRH:0
end_of_record
TN:
SF:C:\Users\gerax.sotelo\Documents\Pluralsight\Cypress - End-to-end JavaScript Testing\Conduit-Cypress\client\src\components\Article\CommentContainer.js
FN:6,(anonymous_0)
FNF:1
FNH:0
FNDA:0,(anonymous_0)
DA:6,1
DA:7,0
DA:8,0
DA:22,0
LF:4
LH:1
BRDA:7,0,0,0
BRDA:7,0,1,0
BRF:2
BRH:0
end_of_record
TN:
SF:C:\Users\gerax.sotelo\Documents\Pluralsight\Cypress - End-to-end JavaScript Testing\Conduit-Cypress\client\src\components\Article\CommentInput.js
FN:6,(anonymous_0)
FN:7,(anonymous_1)
FN:11,(anonymous_2)
FN:17,(anonymous_3)
FN:21,(anonymous_4)
FN:31,(anonymous_5)
FN:64,(anonymous_6)
FNF:7
FNH:0
FNDA:0,(anonymous_0)
FNDA:0,(anonymous_1)
FNDA:0,(anonymous_2)
FNDA:0,(anonymous_3)
FNDA:0,(anonymous_4)
FNDA:0,(anonymous_5)
FNDA:0,(anonymous_6)
DA:6,1
DA:7,0
DA:12,0
DA:13,0
DA:17,0
DA:18,0
DA:21,0
DA:22,0
DA:23,0
DA:26,0
DA:27,0
DA:32,0
DA:64,0
LF:13
LH:1
BRF:0
BRH:0
end_of_record
TN:
SF:C:\Users\gerax.sotelo\Documents\Pluralsight\Cypress - End-to-end JavaScript Testing\Conduit-Cypress\client\src\components\Article\CommentList.js
FN:4,(anonymous_0)
FN:7,(anonymous_1)
FNF:2
FNH:0
FNDA:0,(anonymous_0)
FNDA:0,(anonymous_1)
DA:4,1
DA:5,0
DA:8,0
LF:3
LH:1
BRF:0
BRH:0
end_of_record
TN:
SF:C:\Users\gerax.sotelo\Documents\Pluralsight\Cypress - End-to-end JavaScript Testing\Conduit-Cypress\client\src\components\Article\DeleteButton.js
FN:6,(anonymous_0)
FN:7,(anonymous_1)
FN:11,(anonymous_2)
FN:12,(anonymous_3)
FN:28,(anonymous_4)
FNF:5
FNH:0
FNDA:0,(anonymous_0)
FNDA:0,(anonymous_1)
FNDA:0,(anonymous_2)
FNDA:0,(anonymous_3)
FNDA:0,(anonymous_4)
DA:6,1
DA:8,0
DA:11,1
DA:12,0
DA:13,0
DA:14,0
DA:17,0
DA:18,0
DA:24,0
DA:28,0
LF:10
LH:2
BRDA:17,0,0,0
BRDA:17,0,1,0
BRF:2
BRH:0
end_of_record
TN:
SF:C:\Users\gerax.sotelo\Documents\Pluralsight\Cypress - End-to-end JavaScript Testing\Conduit-Cypress\client\src\components\Article\index.js
FN:9,(anonymous_0)
FN:14,(anonymous_1)
FN:15,(anonymous_2)
FN:17,(anonymous_3)
FN:22,(anonymous_4)
FN:29,(anonymous_5)
FN:33,(anonymous_6)
FN:64,(anonymous_7)
FNF:8
FNH:0
FNDA:0,(anonymous_0)
FNDA:0,(anonymous_1)
FNDA:0,(anonymous_2)
FNDA:0,(anonymous_3)
FNDA:0,(anonymous_4)
FNDA:0,(anonymous_5)
FNDA:0,(anonymous_6)
FNDA:0,(anonymous_7)
DA:9,1
DA:14,1
DA:16,0
DA:18,0
DA:23,0
DA:30,0
DA:34,0
DA:35,0
DA:38,0
DA:39,0
DA:41,0
DA:65,0
LF:12
LH:2
BRDA:34,0,0,0
BRDA:34,0,1,0
BRDA:39,1,0,0
BRDA:39,1,1,0
BRDA:86,2,0,0
BRDA:86,2,1,0
BRF:6
BRH:0
end_of_record
TN:
SF:C:\Users\gerax.sotelo\Documents\Pluralsight\Cypress - End-to-end JavaScript Testing\Conduit-Cypress\client\src\components\Home\Banner.js
FN:3,(anonymous_0)
FNF:1
FNH:1
FNDA:3,(anonymous_0)
DA:3,1
DA:4,3
DA:5,2
DA:7,1
LF:4
LH:4
BRDA:4,0,0,2
BRDA:4,0,1,1
BRF:2
BRH:2
end_of_record
TN:
SF:C:\Users\gerax.sotelo\Documents\Pluralsight\Cypress - End-to-end JavaScript Testing\Conduit-Cypress\client\src\components\Home\MainView.js
FN:7,(anonymous_0)
FN:9,(anonymous_1)
FN:29,(anonymous_2)
FN:30,(anonymous_3)
FN:47,(anonymous_4)
FN:61,(anonymous_5)
FN:67,(anonymous_6)
FN:68,(anonymous_7)
FN:72,(anonymous_8)
FNF:9
FNH:8
FNDA:4,(anonymous_0)
FNDA:0,(anonymous_1)
FNDA:4,(anonymous_2)
FNDA:1,(anonymous_3)
FNDA:4,(anonymous_4)
FNDA:7,(anonymous_5)
FNDA:2,(anonymous_6)
FNDA:1,(anonymous_7)
FNDA:4,(anonymous_8)
DA:7,1
DA:8,4
DA:9,3
DA:10,0
DA:11,0
DA:14,3
DA:26,1
DA:29,1
DA:30,4
DA:31,1
DA:32,1
DA:34,4
DA:47,1
DA:48,4
DA:49,4
DA:52,0
DA:61,7
DA:67,2
DA:69,1
DA:72,1
DA:73,4
LF:21
LH:18
BRDA:8,0,0,3
BRDA:8,0,1,1
BRDA:18,1,0,1
BRDA:18,1,1,2
BRDA:38,2,0,2
BRDA:38,2,1,2
BRDA:48,3,0,4
BRDA:48,3,1,0
BRF:8
BRH:7
end_of_record
TN:
SF:C:\Users\gerax.sotelo\Documents\Pluralsight\Cypress - End-to-end JavaScript Testing\Conduit-Cypress\client\src\components\Home\Tags.js
FN:4,(anonymous_0)
FN:9,(anonymous_1)
FN:10,(anonymous_2)
FN:14,(anonymous_3)
FNF:4
FNH:1
FNDA:3,(anonymous_0)
FNDA:0,(anonymous_1)
FNDA:0,(anonymous_2)
FNDA:0,(anonymous_3)
DA:4,1
DA:5,3
DA:6,3
DA:7,2
DA:10,0
DA:11,0
DA:12,0
DA:14,0
DA:19,0
DA:34,1
LF:10
LH:5
BRDA:6,0,0,2
BRDA:6,0,1,1
BRF:2
BRH:2
end_of_record
TN:
SF:C:\Users\gerax.sotelo\Documents\Pluralsight\Cypress - End-to-end JavaScript Testing\Conduit-Cypress\client\src\components\Home\index.js
FN:15,(anonymous_0)
FN:21,(anonymous_1)
FN:22,(anonymous_2)
FN:24,(anonymous_3)
FN:26,(anonymous_4)
FN:31,(anonymous_5)
FN:40,(anonymous_6)
FN:44,(anonymous_7)
FNF:8
FNH:7
FNDA:8,(anonymous_0)
FNDA:2,(anonymous_1)
FNDA:0,(anonymous_2)
FNDA:2,(anonymous_3)
FNDA:1,(anonymous_4)
FNDA:2,(anonymous_5)
FNDA:1,(anonymous_6)
FNDA:3,(anonymous_7)
DA:13,1
DA:15,8
DA:21,2
DA:23,0
DA:25,2
DA:27,1
DA:32,2
DA:33,2
DA:37,2
DA:41,1
DA:45,3
LF:11
LH:10
BRDA:32,0,0,1
BRDA:32,0,1,1
BRDA:33,1,0,1
BRDA:33,1,1,1
BRF:4
BRH:4
end_of_record
TN:
SF:C:\Users\gerax.sotelo\Documents\Pluralsight\Cypress - End-to-end JavaScript Testing\Conduit-Cypress\client\src\constants\actionTypes.js
FNF:0
FNH:0
DA:1,1
DA:2,1
DA:3,1
DA:4,1
DA:5,1
DA:6,1
DA:7,1
DA:8,1
DA:9,1
DA:10,1
DA:11,1
DA:12,1
DA:13,1
DA:14,1
DA:15,1
DA:16,1
DA:17,1
DA:18,1
DA:19,1
DA:20,1
DA:21,1
DA:22,1
DA:23,1
DA:24,1
DA:25,1
DA:26,1
DA:27,1
DA:28,1
DA:29,1
DA:30,1
DA:31,1
DA:32,1
DA:33,1
DA:34,1
DA:35,1
DA:36,1
LF:36
LH:36
BRF:0
BRH:0
end_of_record
TN:
SF:C:\Users\gerax.sotelo\Documents\Pluralsight\Cypress - End-to-end JavaScript Testing\Conduit-Cypress\client\src\reducers\article.js
FN:8,(anonymous_0)
FN:30,(anonymous_1)
FNF:2
FNH:1
FNDA:57,(anonymous_0)
FNDA:0,(anonymous_1)
DA:9,57
DA:11,0
DA:17,0
DA:19,0
DA:27,0
DA:28,0
DA:30,0
DA:33,57
LF:8
LH:2
BRDA:8,0,0,3
BRDA:9,1,0,0
BRDA:9,1,1,0
BRDA:9,1,2,0
BRDA:9,1,3,0
BRDA:9,1,4,57
BRDA:21,2,0,0
BRDA:21,2,1,0
BRDA:22,3,0,0
BRDA:22,3,1,0
BRDA:24,4,0,0
BRDA:24,4,1,0
BRF:12
BRH:2
end_of_record
TN:
SF:C:\Users\gerax.sotelo\Documents\Pluralsight\Cypress - End-to-end JavaScript Testing\Conduit-Cypress\client\src\reducers\articleList.js
FN:15,(anonymous_0)
FN:21,(anonymous_1)
FNF:2
FNH:1
FNDA:57,(anonymous_0)
FNDA:0,(anonymous_1)
DA:16,57
DA:19,0
DA:22,0
DA:23,0
DA:29,0
DA:33,0
DA:40,0
DA:50,2
DA:60,1
DA:62,1
DA:73,0
DA:82,0
DA:84,53
LF:13
LH:5
BRDA:15,0,0,3
BRDA:16,1,0,0
BRDA:16,1,1,0
BRDA:16,1,2,0
BRDA:16,1,3,0
BRDA:16,1,4,2
BRDA:16,1,5,1
BRDA:16,1,6,1
BRDA:16,1,7,0
BRDA:16,1,8,0
BRDA:16,1,9,0
BRDA:16,1,10,0
BRDA:16,1,11,53
BRDA:22,2,0,0
BRDA:22,2,1,0
BRF:15
BRH:5
end_of_record
TN:
SF:C:\Users\gerax.sotelo\Documents\Pluralsight\Cypress - End-to-end JavaScript Testing\Conduit-Cypress\client\src\reducers\auth.js
FN:10,(anonymous_0)
FNF:1
FNH:1
FNDA:57,(anonymous_0)
DA:11,57
DA:14,1
DA:21,1
DA:23,4
DA:24,1
DA:26,3
DA:28,35
DA:30,16
DA:33,3
LF:9
LH:9
BRDA:10,0,0,3
BRDA:11,1,0,0
BRDA:11,1,1,1
BRDA:11,1,2,0
BRDA:11,1,3,1
BRDA:11,1,4,4
BRDA:11,1,5,35
BRDA:11,1,6,16
BRDA:17,2,0,0
BRDA:17,2,1,1
BRDA:23,3,0,1
BRDA:23,3,1,3
BRDA:23,4,0,4
BRDA:23,4,1,4
BRF:14
BRH:11
end_of_record
TN:
SF:C:\Users\gerax.sotelo\Documents\Pluralsight\Cypress - End-to-end JavaScript Testing\Conduit-Cypress\client\src\reducers\common.js
FN:26,(anonymous_0)
FNF:1
FNH:1
FNDA:57,(anonymous_0)
DA:20,1
DA:27,57
DA:29,1
DA:36,1
DA:38,0
DA:40,0
DA:41,0
DA:43,0
DA:50,1
DA:57,0
DA:66,2
DA:68,52
LF:12
LH:7
BRDA:26,0,0,3
BRDA:27,1,0,1
BRDA:27,1,1,1
BRDA:27,1,2,0
BRDA:27,1,3,0
BRDA:27,1,4,0
BRDA:27,1,5,0
BRDA:27,1,6,1
BRDA:27,1,7,0
BRDA:27,1,8,0
BRDA:27,1,9,0
BRDA:27,1,10,1
BRDA:27,1,11,1
BRDA:27,1,12,1
BRDA:27,1,13,1
BRDA:27,1,14,1
BRDA:27,1,15,2
BRDA:27,1,16,52
BRDA:31,2,0,1
BRDA:31,2,1,1
BRDA:33,3,0,0
BRDA:33,3,1,1
BRDA:45,4,0,0
BRDA:45,4,1,0
BRDA:46,5,0,0
BRDA:46,5,1,0
BRDA:52,6,0,0
BRDA:52,6,1,1
BRDA:53,7,0,0
BRDA:53,7,1,1
BRDA:54,8,0,0
BRDA:54,8,1,1
BRF:32
BRH:17
end_of_record
TN:
SF:C:\Users\gerax.sotelo\Documents\Pluralsight\Cypress - End-to-end JavaScript Testing\Conduit-Cypress\client\src\reducers\editor.js
FN:11,(anonymous_0)
FN:45,(anonymous_1)
FNF:2
FNH:1
FNDA:57,(anonymous_0)
FNDA:0,(anonymous_1)
DA:12,57
DA:14,0
DA:24,0
DA:26,0
DA:32,4
DA:33,0
DA:35,4
DA:37,0
DA:43,0
DA:45,0
DA:48,0
DA:50,53
DA:53,4
LF:13
LH:5
BRDA:11,0,0,3
BRDA:12,1,0,0
BRDA:12,1,1,0
BRDA:12,1,2,0
BRDA:12,1,3,4
BRDA:12,1,4,0
BRDA:12,1,5,0
BRDA:12,1,6,0
BRDA:12,1,7,53
BRDA:16,2,0,0
BRDA:16,2,1,0
BRDA:17,3,0,0
BRDA:17,3,1,0
BRDA:18,4,0,0
BRDA:18,4,1,0
BRDA:19,5,0,0
BRDA:19,5,1,0
BRDA:21,6,0,0
BRDA:21,6,1,0
BRDA:29,7,0,0
BRDA:29,7,1,0
BRDA:32,8,0,0
BRDA:32,8,1,4
BRF:23
BRH:4
end_of_record
TN:
SF:C:\Users\gerax.sotelo\Documents\Pluralsight\Cypress - End-to-end JavaScript Testing\Conduit-Cypress\client\src\reducers\home.js
FN:3,(anonymous_0)
FNF:1
FNH:1
FNDA:57,(anonymous_0)
DA:4,57
DA:6,2
DA:11,1
DA:13,54
LF:4
LH:4
BRDA:3,0,0,3
BRDA:4,1,0,2
BRDA:4,1,1,1
BRDA:4,1,2,54
BRF:4
BRH:4
end_of_record
TN:
SF:C:\Users\gerax.sotelo\Documents\Pluralsight\Cypress - End-to-end JavaScript Testing\Conduit-Cypress\client\src\reducers\profile.js
FN:8,(anonymous_0)
FNF:1
FNH:1
FNDA:57,(anonymous_0)
DA:9,57
DA:11,0
DA:15,0
DA:18,0
DA:22,57
LF:5
LH:2
BRDA:8,0,0,3
BRDA:9,1,0,0
BRDA:9,1,1,0
BRDA:9,1,2,0
BRDA:9,1,3,0
BRDA:9,1,4,57
BRF:6
BRH:2
end_of_record
TN:
SF:C:\Users\gerax.sotelo\Documents\Pluralsight\Cypress - End-to-end JavaScript Testing\Conduit-Cypress\client\src\reducers\settings.js
FN:7,(anonymous_0)
FNF:1
FNH:1
FNDA:57,(anonymous_0)
DA:8,57
DA:10,0
DA:16,0
DA:18,4
DA:23,53
LF:5
LH:3
BRDA:7,0,0,3
BRDA:8,1,0,0
BRDA:8,1,1,0
BRDA:8,1,2,4
BRDA:8,1,3,53
BRDA:13,2,0,0
BRDA:13,2,1,0
BRF:7
BRH:3
end_of_record
